The system is: Windows - 10.0.19041 - AMD64
Compiling the C compiler identification source file "CMakeCCompilerId.c" succeeded.
Compiler: C:/Program Files (x86)/Microsoft Visual Studio/2019/Community/VC/Tools/MSVC/14.27.29110/bin/Hostx86/x64/cl.exe 
Build flags: 
Id flags:  

The output was:
0
Microsoft (R) C/C++ Optimizing Compiler Version 19.27.29111 for x64
Copyright (C) Microsoft Corporation.  All rights reserved.

CMakeCCompilerId.c
Microsoft (R) Incremental Linker Version 14.27.29111.0
Copyright (C) Microsoft Corporation.  All rights reserved.

/out:CMakeCCompilerId.exe 
CMakeCCompilerId.obj 


Compilation of the C compiler identification source "CMakeCCompilerId.c" produced "CMakeCCompilerId.exe"

Compilation of the C compiler identification source "CMakeCCompilerId.c" produced "CMakeCCompilerId.obj"

The C compiler identification is MSVC, found in "C:/Users/User1/Documents/C++ projects/Hexo Game Engine/HexoThreading/HexoThreading/CMakeFiles/3.19.4/CompilerIdC/CMakeCCompilerId.exe"

Compiling the CXX compiler identification source file "CMakeCXXCompilerId.cpp" succeeded.
Compiler: C:/Program Files (x86)/Microsoft Visual Studio/2019/Community/VC/Tools/MSVC/14.27.29110/bin/Hostx86/x64/cl.exe 
Build flags: 
Id flags:  

The output was:
0
Microsoft (R) C/C++ Optimizing Compiler Version 19.27.29111 for x64
Copyright (C) Microsoft Corporation.  All rights reserved.

CMakeCXXCompilerId.cpp
Microsoft (R) Incremental Linker Version 14.27.29111.0
Copyright (C) Microsoft Corporation.  All rights reserved.

/out:CMakeCXXCompilerId.exe 
CMakeCXXCompilerId.obj 


Compilation of the CXX compiler identification source "CMakeCXXCompilerId.cpp" produced "CMakeCXXCompilerId.exe"

Compilation of the CXX compiler identification source "CMakeCXXCompilerId.cpp" produced "CMakeCXXCompilerId.obj"

The CXX compiler identification is MSVC, found in "C:/Users/User1/Documents/C++ projects/Hexo Game Engine/HexoThreading/HexoThreading/CMakeFiles/3.19.4/CompilerIdCXX/CMakeCXXCompilerId.exe"

Detecting C compiler ABI info compiled with the following output:
Change Dir: C:/Users/User1/Documents/C++ projects/Hexo Game Engine/HexoThreading/HexoThreading/CMakeFiles/CMakeTmp

Run Build Command(s):nmake /nologo cmTC_7a05f\fast && 	"C:\Program Files (x86)\Microsoft Visual Studio\2019\Community\VC\Tools\MSVC\14.27.29110\bin\HostX86\x64\nmake.exe"  -f CMakeFiles\cmTC_7a05f.dir\build.make /nologo -L                  CMakeFiles\cmTC_7a05f.dir\build
Building C object CMakeFiles/cmTC_7a05f.dir/CMakeCCompilerABI.c.obj
	C:\PROGRA~2\MICROS~2\2019\COMMUN~1\VC\Tools\MSVC\1427~1.291\bin\Hostx86\x64\cl.exe @C:\Users\User1\AppData\Local\Temp\nm9DF6.tmp
CMakeCCompilerABI.c
Linking C executable cmTC_7a05f.exe
	"C:\Program Files\CMake\bin\cmake.exe" -E vs_link_exe --intdir=CMakeFiles\cmTC_7a05f.dir --rc=C:\PROGRA~2\WI3CF2~1\10\bin\100190~1.0\x86\rc.exe --mt=C:\PROGRA~2\WI3CF2~1\10\bin\100190~1.0\x86\mt.exe --manifests -- C:\PROGRA~2\MICROS~2\2019\COMMUN~1\VC\Tools\MSVC\1427~1.291\bin\Hostx86\x64\link.exe /nologo @CMakeFiles\cmTC_7a05f.dir\objects1.rsp @C:\Users\User1\AppData\Local\Temp\nmAF2D.tmp



Detecting CXX compiler ABI info compiled with the following output:
Change Dir: C:/Users/User1/Documents/C++ projects/Hexo Game Engine/HexoThreading/HexoThreading/CMakeFiles/CMakeTmp

Run Build Command(s):nmake /nologo cmTC_38f0b\fast && 	"C:\Program Files (x86)\Microsoft Visual Studio\2019\Community\VC\Tools\MSVC\14.27.29110\bin\HostX86\x64\nmake.exe"  -f CMakeFiles\cmTC_38f0b.dir\build.make /nologo -L                  CMakeFiles\cmTC_38f0b.dir\build
Building CXX object CMakeFiles/cmTC_38f0b.dir/CMakeCXXCompilerABI.cpp.obj
	C:\PROGRA~2\MICROS~2\2019\COMMUN~1\VC\Tools\MSVC\1427~1.291\bin\Hostx86\x64\cl.exe @C:\Users\User1\AppData\Local\Temp\nmC861.tmp
CMakeCXXCompilerABI.cpp
Linking CXX executable cmTC_38f0b.exe
	"C:\Program Files\CMake\bin\cmake.exe" -E vs_link_exe --intdir=CMakeFiles\cmTC_38f0b.dir --rc=C:\PROGRA~2\WI3CF2~1\10\bin\100190~1.0\x86\rc.exe --mt=C:\PROGRA~2\WI3CF2~1\10\bin\100190~1.0\x86\mt.exe --manifests -- C:\PROGRA~2\MICROS~2\2019\COMMUN~1\VC\Tools\MSVC\1427~1.291\bin\Hostx86\x64\link.exe /nologo @CMakeFiles\cmTC_38f0b.dir\objects1.rsp @C:\Users\User1\AppData\Local\Temp\nmC97C.tmp



